[22:15:18] [Render thread/INFO] [JMLogger] JourneyMap log initialized.
[22:15:18] [Render thread/INFO] [JourneymapClient] initialize ENTER
[22:15:18] [Render thread/INFO] [ClientAPI] [ClientAPI] built with JourneyMap API 2.0.0-SNAPSHOT
[22:15:18] [Render thread/INFO] [PluginHelper] Initializing plugins with Client API: journeymap.api.client.impl.ClientAPI
[22:15:18] [Render thread/INFO] [PluginHelper] Initialized IClientPlugin: journeymap.api.plugins.LoadedChunkOverlayPlugin
[22:15:19] [Render thread/INFO] [?] Version: JourneyMap 1.21.4-6.0.0-beta.41, built with fabric 0.110.5+1.21.4
fabric: 0.16.9
Environment: os.name, os.arch, java.version, user.country, user.language=null, game language=zh_cn, locale=zh_cn
Features: 
	RadarPlayers : singleplayer = true , multiplayer = true
	RadarAnimals : singleplayer = true , multiplayer = true
	RadarMobs : singleplayer = true , multiplayer = true
	RadarVillagers : singleplayer = true , multiplayer = true
	MapTopo : singleplayer = true , multiplayer = true
	MapSurface : singleplayer = true , multiplayer = true
	MapCaves : singleplayer = true , multiplayer = true
	MapBiome : singleplayer = true , multiplayer = true
MiniMapProperties{state=Valid, file=journeymap.minimap.config, configVersion=6.0.0-beta.41, infoSlotTimeFormat=HH:mm:ss, zoomLevel=1024, compassFontScale=1.0, infoSlotFontScale=1.0, terrainAlpha=100, showEntityNames=false, showPassiveNames=false, positionX=0.0, positionY=0.08244505, effectVertical=false, showPlayerHeading=true, sizePercent=30, playerDisplayScale=1.0, showDayNight=true, showPets=true, showPlayerNames=true, preferredMapType=day, showCompass=true, showNpcNames=false, mobDisplay=点和轮廓图标, showHostileNames=false, systemTimeRealFormat=HH:mm:ss, shape=方形, showSelf=true, showVillagerNames=false, selfDisplayScale=1.0, showGrid=true, reticleOrientation=罗盘, minimapLockedMapType=jm.common.map_type.auto, effectTranslateX=0, info3LabelPosition=底部, showWaypoints=true, info2LabelPosition=顶部, minimapKeyMovementSpeed=0.001, info1LabelPosition=顶部, showAnimals=true, infoSlotAlpha=0.7, effectTranslateY=1, showWaypointLabels=true, showAmbientNames=false, moveEffectIcons=true, showTeamNames=true, position=自定义, fontScale=1.0, info4LabelPosition=底部, showPlayers=true, waypointIconScale=1.0, frameAlpha=100, effectReversed=false, backgroundAlpha=0.8, enabled=true, showVillagers=true, info2Label=jm.theme.labelsource.gametime, info3Label=jm.theme.labelsource.location, caveLayer=4, showMobs=true, waypointLabelScale=1.0, showReticle=true, orientation=北, info4Label=jm.theme.labelsource.biome, locationFormat=xzyv, playerDisplay=轮廓图标, mobDisplayScale=1.0, showOffScreenPlayers=true, showCaves=true, showMobHeading=true, locationFormatVerbose=true, showAmbientCreatures=false, showPetNames=false, info1Label=jm.theme.labelsource.blank, showNoIconNames=true}
MiniMapProperties{state=Valid, file=journeymap.minimap2.config, configVersion=6.0.0-beta.41, infoSlotTimeFormat=HH:mm:ss, zoomLevel=512, compassFontScale=1.0, infoSlotFontScale=1.0, terrainAlpha=100, showEntityNames=false, showPassiveNames=false, positionX=0.9, positionY=0.25, effectVertical=false, showPlayerHeading=true, sizePercent=30, playerDisplayScale=1.0, showDayNight=true, showPets=true, showPlayerNames=true, preferredMapType=night, showCompass=true, showNpcNames=false, mobDisplay=点和轮廓图标, showHostileNames=false, systemTimeRealFormat=HH:mm:ss, shape=矩形, showSelf=true, showVillagerNames=false, selfDisplayScale=1.0, showGrid=true, reticleOrientation=罗盘, minimapLockedMapType=jm.common.map_type.auto, effectTranslateX=0, info3LabelPosition=底部, showWaypoints=true, info2LabelPosition=顶部, minimapKeyMovementSpeed=0.001, info1LabelPosition=顶部, showAnimals=true, infoSlotAlpha=0.7, effectTranslateY=0, showWaypointLabels=true, showAmbientNames=false, moveEffectIcons=true, showTeamNames=true, position=右上, fontScale=1.0, info4LabelPosition=底部, showPlayers=true, waypointIconScale=1.0, frameAlpha=100, effectReversed=false, backgroundAlpha=0.8, enabled=true, showVillagers=true, info2Label=jm.theme.labelsource.gametime, info3Label=jm.theme.labelsource.location, caveLayer=4, showMobs=true, waypointLabelScale=1.0, showReticle=true, orientation=北, info4Label=jm.theme.labelsource.biome, locationFormat=xzyv, playerDisplay=轮廓图标, mobDisplayScale=1.0, showOffScreenPlayers=true, showCaves=true, showMobHeading=true, locationFormatVerbose=true, showAmbientCreatures=false, showPetNames=false, info1Label=jm.theme.labelsource.blank, showNoIconNames=true}
FullMapProperties{state=Valid, file=journeymap.fullmap.config, configVersion=6.0.0-beta.41, zoomLevel=64, minimalMode=false, showPlayers=true, waypointIconScale=1.0, showEntityNames=false, showPassiveNames=false, showPlayerHeading=true, showVillagers=true, showPlayerLoc=true, showKeys=true, playerDisplayScale=1.0, showMobs=true, showPets=true, waypointLabelScale=1.0, showPlayerNames=true, preferredMapType=day, showNpcNames=false, mobDisplay=点和轮廓图标, showHostileNames=false, showSelf=true, locationFormat=xzyv, playerDisplay=轮廓图标, showVillagerNames=false, mobDisplayScale=1.0, selfDisplayScale=1.0, showOffScreenPlayers=true, showGrid=true, showMouseLoc=true, showWaypoints=true, showCaves=true, showThemeButton=true, showAnimals=true, dragScale=1, showMobHeading=true, showWaypointLabels=true, locationFormatVerbose=true, showAmbientNames=false, showAmbientCreatures=false, showTeamNames=true, showPetNames=false, fontScale=1.0, showNoIconNames=true}
WaypointProperties{state=Valid, file=journeymap.waypoint.config, configVersion=6.0.0-beta.41, autoRemoveDeathpointDistance=2, dateFormat=MM-dd-yyyy, autoHideIconAngle=5, autoRemoveDeathpoints=false, autoHideIcon=false, autoHideLabelAngle=5, renderWaypointsWorld=true, showDeleteConfirmation=true, fullscreenDoubleClickToCreate=true, minDistance=4, boldLabel=false, disableShare=false, showDeathpointlabel=true, textureSmall=true, beaconEnabled=true, createDeathpoints=true, disableStrikeThrough=false, renderWaypointsMap=true, showName=true, maxDistance=0, autoHideLabel=true, autoRemoveTempWaypoints=2, teleportCommand=/tp {name} {x} {y} {z}, showStaticBeam=true, renderWaypoints=true, wholeNumberTeleportCoords=false, timeFormat=HH:mm:ss, shaderBeacon=false, showDistance=true, showRotatingBeam=true, fontScale=2.0, managerEnabled=true}
WebMapProperties{state=Valid, file=journeymap.webmap.config, configVersion=6.0.0-beta.41, port=8080, enabled=false}
CoreProperties{state=Valid, file=journeymap.core.config, configVersion=6.0.0-beta.41, maxPlayersData=32, mapSurfaceAboveCaves=true, dataCachingEnabled=true, maxAmbientCreaturesData=32, optionsManagerViewed=6.0.0-beta.41, announceMod=true, ignoreSnow=false, colorPassive=#bbbbbb, colorPassiveLabel=#bbbbbb, mapShadows=true, mapBlendWater=true, playerIconFade=true, renderDistanceSurfaceMax=0, seedId=false, colorPetLabel=#0077ff, radarVerticalDistance=16, mapBlendGrass=true, recordCacheStats=false, hideSneakingEntities=true, initialSortOrder=Name, colorPlayerLabel=#ffffff, revealShape=圆形, mapBiome=true, caveShader=jm.common.map_filter.default, mipmapLevels=5, colorVillagerLabel=#88e188, alwaysMapSurface=false, biomeShader=jm.common.map_filter.default, colorVillager=#88e188, mapPlants=false, colorPet=#0077ff, sortDescending=true, radarLateralDistance=64, mapBathymetry=false, mapCrops=true, maxMobsData=32, dayShader=jm.common.map_filter.default, mapPlantShadows=false, alwaysMapCaves=false, checkUpdates=true, colorHostileLabel=#ff0000, mapBlendFoliage=true, topoMax=0, hideSpectators=false, mappingEnabled=true, colorPlayer=#ffffff, cacheVillagersData=2200, logLevel=INFO, maxVillagersData=32, mapWaterBiomeColors=true, maxAnimalsData=32, mapTransparency=true, caveBlackAsClear=false, caveModeThreshold=2, legacyIcons=false, netherShader=jm.common.map_filter.default, caveIgnoreGlass=true, mapTopography=true, renderDistanceCaveMax=0, mapAntialiasing=true, colorSelf=#0000ff, cachePlayersData=2000, nightShader=jm.common.map_filter.default, cacheMobsData=3000, cachePlayerData=1000, splashViewed=6.0.0-beta.41, colorHostile=#ff0000, topoShader=jm.common.map_filter.default, allowMiniMapBehindScreens=true, cacheAnimalsData=3100, ignoreHeightmaps=false, themeName=Purist, mapCaveLighting=true, renderDelay=2, mobIconFade=true, serverIp=true, glErrorChecking=false, autoMapPoll=2000}
[22:15:19] [Render thread/INFO] [JourneymapClient] initialize EXIT, elapsed count 1 avg 997.92ms
[22:15:22] [Render thread/INFO] [ThemeLoader] Preloaded theme textures: 74
[22:15:24] [Render thread/INFO] [JourneymapClient] postInitialize EXIT, elapsed count 1 avg 4982.08ms
[22:15:42] [Render thread/INFO] [JourneymapClient] World UID is set to: ip_play.orwoe.cn/223.82.2.153:25565
[22:15:47] [Render thread/INFO] [ColorPalette] Color palette file generated for 0 blockstates in 0ms for: Default Palette
[22:15:48] [Render thread/INFO] [ChatLog] JourneyMap: 按 [J]
[22:15:48] [Render thread/INFO] [WaypointHandler] Resetting Waypoints and Groups.
[22:15:48] [Render thread/INFO] [WaypointStore] Loaded 20 waypoints from disk.
[22:15:48] [Render thread/INFO] [WaypointGroupStore] Loaded 4 waypoint groups from disk.
[22:15:48] [Render thread/INFO] [LegacyWaypointFileMigrator] 0 Legacy waypoints found that need to be migrated and backed up.
[22:15:48] [Render thread/INFO] [ColorPalette] Color palette file generated for 0 blockstates in 1ms for: D:\Users\Documents\Github\DreamBorderX-MC-SurvivalMachine\.minecraft\versions\Arcomua Cloth 1.21.4 Fabric 250305\journeymap\colorpalette.json
[22:15:48] [Render thread/INFO] [ColorPalette] Color palette file generated for 0 blockstates in 1ms for: D:\Users\Documents\Github\DreamBorderX-MC-SurvivalMachine\.minecraft\versions\Arcomua Cloth 1.21.4 Fabric 250305\journeymap\data\mp\Minecraft~_ip_play~orwoe~cn~223~82~2~153~25565\colorpalette.json
[22:15:48] [Render thread/INFO] [JourneymapClient] Mapping started in D:\Users\Documents\Github\DreamBorderX-MC-SurvivalMachine\.minecraft\versions\Arcomua Cloth 1.21.4 Fabric 250305\journeymap\data\mp\Minecraft~_ip_play~orwoe~cn~223~82~2~153~25565\overworld. Memory: 2048MB total, 732MB free 
[22:21:17] [Render thread/INFO] [JourneymapClient] Mapping halted in D:\Users\Documents\Github\DreamBorderX-MC-SurvivalMachine\.minecraft\versions\Arcomua Cloth 1.21.4 Fabric 250305\journeymap\data\mp\Minecraft~_ip_play~orwoe~cn~223~82~2~153~25565\minecraft:overworld
[22:21:18] [Render thread/INFO] [WaypointHandler] Resetting Waypoints and Groups.
[22:21:18] [Render thread/INFO] [WaypointStore] Loaded 20 waypoints from disk.
[22:21:18] [Render thread/INFO] [WaypointGroupStore] Loaded 4 waypoint groups from disk.
[22:21:18] [Render thread/INFO] [LegacyWaypointFileMigrator] 0 Legacy waypoints found that need to be migrated and backed up.
[22:21:18] [Render thread/INFO] [ColorPalette] Color palette file generated for 0 blockstates in 1ms for: D:\Users\Documents\Github\DreamBorderX-MC-SurvivalMachine\.minecraft\versions\Arcomua Cloth 1.21.4 Fabric 250305\journeymap\colorpalette.json
[22:21:18] [Render thread/INFO] [ColorPalette] Color palette file generated for 0 blockstates in 2ms for: D:\Users\Documents\Github\DreamBorderX-MC-SurvivalMachine\.minecraft\versions\Arcomua Cloth 1.21.4 Fabric 250305\journeymap\data\mp\Minecraft~_ip_play~orwoe~cn~223~82~2~153~25565\colorpalette.json
[22:21:18] [Render thread/INFO] [JourneymapClient] Mapping started in D:\Users\Documents\Github\DreamBorderX-MC-SurvivalMachine\.minecraft\versions\Arcomua Cloth 1.21.4 Fabric 250305\journeymap\data\mp\Minecraft~_ip_play~orwoe~cn~223~82~2~153~25565\the_nether. Memory: 2048MB total, 1143MB free 
[22:22:23] [Render thread/INFO] [JourneymapClient] Mapping halted in D:\Users\Documents\Github\DreamBorderX-MC-SurvivalMachine\.minecraft\versions\Arcomua Cloth 1.21.4 Fabric 250305\journeymap\data\mp\Minecraft~_ip_play~orwoe~cn~223~82~2~153~25565\minecraft:the_nether
[22:22:24] [Render thread/INFO] [WaypointHandler] Resetting Waypoints and Groups.
[22:22:24] [Render thread/INFO] [WaypointStore] Loaded 20 waypoints from disk.
[22:22:24] [Render thread/INFO] [WaypointGroupStore] Loaded 4 waypoint groups from disk.
[22:22:24] [Render thread/INFO] [LegacyWaypointFileMigrator] 0 Legacy waypoints found that need to be migrated and backed up.
[22:22:24] [Render thread/INFO] [ColorPalette] Color palette file generated for 0 blockstates in 1ms for: D:\Users\Documents\Github\DreamBorderX-MC-SurvivalMachine\.minecraft\versions\Arcomua Cloth 1.21.4 Fabric 250305\journeymap\colorpalette.json
[22:22:24] [Render thread/INFO] [ColorPalette] Color palette file generated for 0 blockstates in 0ms for: D:\Users\Documents\Github\DreamBorderX-MC-SurvivalMachine\.minecraft\versions\Arcomua Cloth 1.21.4 Fabric 250305\journeymap\data\mp\Minecraft~_ip_play~orwoe~cn~223~82~2~153~25565\colorpalette.json
[22:22:24] [Render thread/INFO] [JourneymapClient] Mapping started in D:\Users\Documents\Github\DreamBorderX-MC-SurvivalMachine\.minecraft\versions\Arcomua Cloth 1.21.4 Fabric 250305\journeymap\data\mp\Minecraft~_ip_play~orwoe~cn~223~82~2~153~25565\overworld. Memory: 2048MB total, 434MB free 
[22:31:37] [Render thread/INFO] [JourneymapClient] Mapping halted in D:\Users\Documents\Github\DreamBorderX-MC-SurvivalMachine\.minecraft\versions\Arcomua Cloth 1.21.4 Fabric 250305\journeymap\data\mp\Minecraft~_ip_play~orwoe~cn~223~82~2~153~25565\minecraft:overworld
[22:31:37] [Render thread/INFO] [WaypointHandler] Resetting Waypoints and Groups.
[22:31:37] [Render thread/INFO] [WaypointStore] Loaded 20 waypoints from disk.
[22:31:37] [Render thread/INFO] [WaypointGroupStore] Loaded 4 waypoint groups from disk.
[22:31:37] [Render thread/INFO] [LegacyWaypointFileMigrator] 0 Legacy waypoints found that need to be migrated and backed up.
[22:31:37] [Render thread/INFO] [ColorPalette] Color palette file generated for 0 blockstates in 1ms for: D:\Users\Documents\Github\DreamBorderX-MC-SurvivalMachine\.minecraft\versions\Arcomua Cloth 1.21.4 Fabric 250305\journeymap\colorpalette.json
[22:31:37] [Render thread/INFO] [ColorPalette] Color palette file generated for 0 blockstates in 1ms for: D:\Users\Documents\Github\DreamBorderX-MC-SurvivalMachine\.minecraft\versions\Arcomua Cloth 1.21.4 Fabric 250305\journeymap\data\mp\Minecraft~_ip_play~orwoe~cn~223~82~2~153~25565\colorpalette.json
[22:31:37] [Render thread/INFO] [JourneymapClient] Mapping started in D:\Users\Documents\Github\DreamBorderX-MC-SurvivalMachine\.minecraft\versions\Arcomua Cloth 1.21.4 Fabric 250305\journeymap\data\mp\Minecraft~_ip_play~orwoe~cn~223~82~2~153~25565\the_nether. Memory: 2048MB total, 1198MB free 
[22:33:19] [Render thread/INFO] [JourneymapClient] Mapping halted in D:\Users\Documents\Github\DreamBorderX-MC-SurvivalMachine\.minecraft\versions\Arcomua Cloth 1.21.4 Fabric 250305\journeymap\data\mp\Minecraft~_ip_play~orwoe~cn~223~82~2~153~25565\minecraft:the_nether
[22:33:20] [Render thread/INFO] [WaypointHandler] Resetting Waypoints and Groups.
[22:33:20] [Render thread/INFO] [WaypointStore] Loaded 20 waypoints from disk.
[22:33:20] [Render thread/INFO] [WaypointGroupStore] Loaded 4 waypoint groups from disk.
[22:33:20] [Render thread/INFO] [LegacyWaypointFileMigrator] 0 Legacy waypoints found that need to be migrated and backed up.
[22:33:20] [Render thread/INFO] [ColorPalette] Color palette file generated for 0 blockstates in 1ms for: D:\Users\Documents\Github\DreamBorderX-MC-SurvivalMachine\.minecraft\versions\Arcomua Cloth 1.21.4 Fabric 250305\journeymap\colorpalette.json
[22:33:20] [Render thread/INFO] [ColorPalette] Color palette file generated for 0 blockstates in 0ms for: D:\Users\Documents\Github\DreamBorderX-MC-SurvivalMachine\.minecraft\versions\Arcomua Cloth 1.21.4 Fabric 250305\journeymap\data\mp\Minecraft~_ip_play~orwoe~cn~223~82~2~153~25565\colorpalette.json
[22:33:20] [Render thread/INFO] [JourneymapClient] Mapping started in D:\Users\Documents\Github\DreamBorderX-MC-SurvivalMachine\.minecraft\versions\Arcomua Cloth 1.21.4 Fabric 250305\journeymap\data\mp\Minecraft~_ip_play~orwoe~cn~223~82~2~153~25565\overworld. Memory: 2048MB total, 1105MB free 
[22:40:38] [Render thread/INFO] [JourneymapClient] Mapping halted in D:\Users\Documents\Github\DreamBorderX-MC-SurvivalMachine\.minecraft\versions\Arcomua Cloth 1.21.4 Fabric 250305\journeymap\data\mp\Minecraft~_ip_play~orwoe~cn~223~82~2~153~25565\minecraft:overworld
[22:40:39] [Render thread/INFO] [WaypointHandler] Resetting Waypoints and Groups.
[22:40:39] [Render thread/INFO] [WaypointStore] Loaded 20 waypoints from disk.
[22:40:39] [Render thread/INFO] [WaypointGroupStore] Loaded 4 waypoint groups from disk.
[22:40:39] [Render thread/INFO] [LegacyWaypointFileMigrator] 0 Legacy waypoints found that need to be migrated and backed up.
[22:40:39] [Render thread/INFO] [ColorPalette] Color palette file generated for 0 blockstates in 1ms for: D:\Users\Documents\Github\DreamBorderX-MC-SurvivalMachine\.minecraft\versions\Arcomua Cloth 1.21.4 Fabric 250305\journeymap\colorpalette.json
[22:40:39] [Render thread/INFO] [ColorPalette] Color palette file generated for 0 blockstates in 1ms for: D:\Users\Documents\Github\DreamBorderX-MC-SurvivalMachine\.minecraft\versions\Arcomua Cloth 1.21.4 Fabric 250305\journeymap\data\mp\Minecraft~_ip_play~orwoe~cn~223~82~2~153~25565\colorpalette.json
[22:40:39] [Render thread/INFO] [JourneymapClient] Mapping started in D:\Users\Documents\Github\DreamBorderX-MC-SurvivalMachine\.minecraft\versions\Arcomua Cloth 1.21.4 Fabric 250305\journeymap\data\mp\Minecraft~_ip_play~orwoe~cn~223~82~2~153~25565\the_nether. Memory: 2048MB total, 636MB free 
[22:47:48] [Render thread/INFO] [JourneymapClient] Mapping halted in D:\Users\Documents\Github\DreamBorderX-MC-SurvivalMachine\.minecraft\versions\Arcomua Cloth 1.21.4 Fabric 250305\journeymap\data\mp\Minecraft~_ip_play~orwoe~cn~223~82~2~153~25565\minecraft:the_nether
[22:47:48] [Render thread/INFO] [WaypointHandler] Resetting Waypoints and Groups.
[22:47:48] [Render thread/INFO] [WaypointStore] Loaded 20 waypoints from disk.
[22:47:48] [Render thread/INFO] [WaypointGroupStore] Loaded 4 waypoint groups from disk.
[22:47:48] [Render thread/INFO] [LegacyWaypointFileMigrator] 0 Legacy waypoints found that need to be migrated and backed up.
[22:47:48] [Render thread/INFO] [ColorPalette] Color palette file generated for 0 blockstates in 2ms for: D:\Users\Documents\Github\DreamBorderX-MC-SurvivalMachine\.minecraft\versions\Arcomua Cloth 1.21.4 Fabric 250305\journeymap\colorpalette.json
[22:47:48] [Render thread/INFO] [ColorPalette] Color palette file generated for 0 blockstates in 1ms for: D:\Users\Documents\Github\DreamBorderX-MC-SurvivalMachine\.minecraft\versions\Arcomua Cloth 1.21.4 Fabric 250305\journeymap\data\mp\Minecraft~_ip_play~orwoe~cn~223~82~2~153~25565\colorpalette.json
[22:47:48] [Render thread/INFO] [JourneymapClient] Mapping started in D:\Users\Documents\Github\DreamBorderX-MC-SurvivalMachine\.minecraft\versions\Arcomua Cloth 1.21.4 Fabric 250305\journeymap\data\mp\Minecraft~_ip_play~orwoe~cn~223~82~2~153~25565\overworld. Memory: 2048MB total, 911MB free 
[22:54:03] [Render thread/INFO] [JourneymapClient] Mapping halted in D:\Users\Documents\Github\DreamBorderX-MC-SurvivalMachine\.minecraft\versions\Arcomua Cloth 1.21.4 Fabric 250305\journeymap\data\mp\Minecraft~_ip_play~orwoe~cn~223~82~2~153~25565\minecraft:overworld
[22:54:03] [JM-task-10/WARN] [TaskBatch] TaskBatch thread interrupted: journeymap.client.task.multi.MapPlayerTask$MapPlayerTaskBatch@3b6a87c2
[22:54:03] [Render thread/INFO] [WaypointHandler] Resetting Waypoints and Groups.
[22:54:03] [Render thread/INFO] [WaypointStore] Loaded 20 waypoints from disk.
[22:54:03] [Render thread/INFO] [WaypointGroupStore] Loaded 4 waypoint groups from disk.
[22:54:03] [Render thread/INFO] [LegacyWaypointFileMigrator] 0 Legacy waypoints found that need to be migrated and backed up.
[22:54:03] [Render thread/INFO] [ColorPalette] Color palette file generated for 0 blockstates in 1ms for: D:\Users\Documents\Github\DreamBorderX-MC-SurvivalMachine\.minecraft\versions\Arcomua Cloth 1.21.4 Fabric 250305\journeymap\colorpalette.json
[22:54:03] [Render thread/INFO] [ColorPalette] Color palette file generated for 0 blockstates in 1ms for: D:\Users\Documents\Github\DreamBorderX-MC-SurvivalMachine\.minecraft\versions\Arcomua Cloth 1.21.4 Fabric 250305\journeymap\data\mp\Minecraft~_ip_play~orwoe~cn~223~82~2~153~25565\colorpalette.json
[22:54:03] [Render thread/INFO] [JourneymapClient] Mapping started in D:\Users\Documents\Github\DreamBorderX-MC-SurvivalMachine\.minecraft\versions\Arcomua Cloth 1.21.4 Fabric 250305\journeymap\data\mp\Minecraft~_ip_play~orwoe~cn~223~82~2~153~25565\the_nether. Memory: 2048MB total, 862MB free 
[22:55:06] [Render thread/INFO] [JourneymapClient] Mapping halted in D:\Users\Documents\Github\DreamBorderX-MC-SurvivalMachine\.minecraft\versions\Arcomua Cloth 1.21.4 Fabric 250305\journeymap\data\mp\Minecraft~_ip_play~orwoe~cn~223~82~2~153~25565\minecraft:the_nether
[22:55:06] [Render thread/INFO] [WaypointHandler] Resetting Waypoints and Groups.
[22:55:06] [Render thread/INFO] [WaypointStore] Loaded 20 waypoints from disk.
[22:55:06] [Render thread/INFO] [WaypointGroupStore] Loaded 4 waypoint groups from disk.
[22:55:06] [Render thread/INFO] [LegacyWaypointFileMigrator] 0 Legacy waypoints found that need to be migrated and backed up.
[22:55:06] [Render thread/INFO] [ColorPalette] Color palette file generated for 0 blockstates in 1ms for: D:\Users\Documents\Github\DreamBorderX-MC-SurvivalMachine\.minecraft\versions\Arcomua Cloth 1.21.4 Fabric 250305\journeymap\colorpalette.json
[22:55:06] [Render thread/INFO] [ColorPalette] Color palette file generated for 0 blockstates in 1ms for: D:\Users\Documents\Github\DreamBorderX-MC-SurvivalMachine\.minecraft\versions\Arcomua Cloth 1.21.4 Fabric 250305\journeymap\data\mp\Minecraft~_ip_play~orwoe~cn~223~82~2~153~25565\colorpalette.json
[22:55:06] [Render thread/INFO] [JourneymapClient] Mapping started in D:\Users\Documents\Github\DreamBorderX-MC-SurvivalMachine\.minecraft\versions\Arcomua Cloth 1.21.4 Fabric 250305\journeymap\data\mp\Minecraft~_ip_play~orwoe~cn~223~82~2~153~25565\overworld. Memory: 2048MB total, 917MB free 
[22:56:46] [Render thread/INFO] [JourneymapClient] Mapping halted in D:\Users\Documents\Github\DreamBorderX-MC-SurvivalMachine\.minecraft\versions\Arcomua Cloth 1.21.4 Fabric 250305\journeymap\data\mp\Minecraft~_ip_play~orwoe~cn~223~82~2~153~25565\minecraft:overworld
[22:56:49] [Render thread/INFO] [WaypointHandler] Resetting Waypoints and Groups.
[22:56:49] [Render thread/INFO] [WaypointStore] Loaded 20 waypoints from disk.
[22:56:49] [Render thread/INFO] [WaypointGroupStore] Loaded 4 waypoint groups from disk.
[22:56:49] [Render thread/INFO] [LegacyWaypointFileMigrator] 0 Legacy waypoints found that need to be migrated and backed up.
[22:56:49] [Render thread/INFO] [ColorPalette] Color palette file generated for 0 blockstates in 1ms for: D:\Users\Documents\Github\DreamBorderX-MC-SurvivalMachine\.minecraft\versions\Arcomua Cloth 1.21.4 Fabric 250305\journeymap\colorpalette.json
[22:56:49] [Render thread/INFO] [ColorPalette] Color palette file generated for 0 blockstates in 2ms for: D:\Users\Documents\Github\DreamBorderX-MC-SurvivalMachine\.minecraft\versions\Arcomua Cloth 1.21.4 Fabric 250305\journeymap\data\mp\Minecraft~_ip_play~orwoe~cn~223~82~2~153~25565\colorpalette.json
[22:56:49] [Render thread/INFO] [JourneymapClient] Mapping started in D:\Users\Documents\Github\DreamBorderX-MC-SurvivalMachine\.minecraft\versions\Arcomua Cloth 1.21.4 Fabric 250305\journeymap\data\mp\Minecraft~_ip_play~orwoe~cn~223~82~2~153~25565\the_nether. Memory: 2048MB total, 260MB free 
[22:56:56] [Render thread/INFO] [JourneymapClient] Mapping halted in D:\Users\Documents\Github\DreamBorderX-MC-SurvivalMachine\.minecraft\versions\Arcomua Cloth 1.21.4 Fabric 250305\journeymap\data\mp\Minecraft~_ip_play~orwoe~cn~223~82~2~153~25565\minecraft:the_nether
[22:56:56] [JM-task-14/WARN] [TaskBatch] TaskBatch thread interrupted: journeymap.client.task.multi.MapPlayerTask$MapPlayerTaskBatch@73d5df82
[22:56:56] [Render thread/INFO] [WaypointHandler] Resetting Waypoints and Groups.
[22:56:56] [Render thread/INFO] [WaypointStore] Loaded 20 waypoints from disk.
[22:56:56] [Render thread/INFO] [WaypointGroupStore] Loaded 4 waypoint groups from disk.
[22:56:56] [Render thread/INFO] [LegacyWaypointFileMigrator] 0 Legacy waypoints found that need to be migrated and backed up.
[22:56:56] [Render thread/INFO] [ColorPalette] Color palette file generated for 0 blockstates in 1ms for: D:\Users\Documents\Github\DreamBorderX-MC-SurvivalMachine\.minecraft\versions\Arcomua Cloth 1.21.4 Fabric 250305\journeymap\colorpalette.json
[22:56:56] [Render thread/INFO] [ColorPalette] Color palette file generated for 0 blockstates in 1ms for: D:\Users\Documents\Github\DreamBorderX-MC-SurvivalMachine\.minecraft\versions\Arcomua Cloth 1.21.4 Fabric 250305\journeymap\data\mp\Minecraft~_ip_play~orwoe~cn~223~82~2~153~25565\colorpalette.json
[22:56:56] [Render thread/INFO] [JourneymapClient] Mapping started in D:\Users\Documents\Github\DreamBorderX-MC-SurvivalMachine\.minecraft\versions\Arcomua Cloth 1.21.4 Fabric 250305\journeymap\data\mp\Minecraft~_ip_play~orwoe~cn~223~82~2~153~25565\overworld. Memory: 2048MB total, 995MB free 
[23:20:48] [Render thread/INFO] [JourneymapClient] Mapping halted in D:\Users\Documents\Github\DreamBorderX-MC-SurvivalMachine\.minecraft\versions\Arcomua Cloth 1.21.4 Fabric 250305\journeymap\data\mp\Minecraft~_ip_play~orwoe~cn~223~82~2~153~25565\minecraft:overworld
[23:20:48] [Render thread/INFO] [WaypointHandler] Resetting Waypoints and Groups.
[23:20:48] [Render thread/INFO] [WaypointStore] Loaded 20 waypoints from disk.
[23:20:49] [Render thread/INFO] [WaypointGroupStore] Loaded 4 waypoint groups from disk.
[23:20:49] [Render thread/INFO] [LegacyWaypointFileMigrator] 0 Legacy waypoints found that need to be migrated and backed up.
[23:20:49] [Render thread/INFO] [ColorPalette] Color palette file generated for 0 blockstates in 6ms for: D:\Users\Documents\Github\DreamBorderX-MC-SurvivalMachine\.minecraft\versions\Arcomua Cloth 1.21.4 Fabric 250305\journeymap\colorpalette.json
[23:20:49] [Render thread/INFO] [ColorPalette] Color palette file generated for 0 blockstates in 1ms for: D:\Users\Documents\Github\DreamBorderX-MC-SurvivalMachine\.minecraft\versions\Arcomua Cloth 1.21.4 Fabric 250305\journeymap\data\mp\Minecraft~_ip_play~orwoe~cn~223~82~2~153~25565\colorpalette.json
[23:20:49] [Render thread/INFO] [JourneymapClient] Mapping started in D:\Users\Documents\Github\DreamBorderX-MC-SurvivalMachine\.minecraft\versions\Arcomua Cloth 1.21.4 Fabric 250305\journeymap\data\mp\Minecraft~_ip_play~orwoe~cn~223~82~2~153~25565\the_nether. Memory: 2048MB total, 704MB free 
[23:21:22] [Render thread/INFO] [JourneymapClient] Mapping halted in D:\Users\Documents\Github\DreamBorderX-MC-SurvivalMachine\.minecraft\versions\Arcomua Cloth 1.21.4 Fabric 250305\journeymap\data\mp\Minecraft~_ip_play~orwoe~cn~223~82~2~153~25565\minecraft:the_nether
[23:21:22] [Render thread/INFO] [WaypointHandler] Resetting Waypoints and Groups.
[23:21:22] [Render thread/INFO] [WaypointStore] Loaded 20 waypoints from disk.
[23:21:22] [Render thread/INFO] [WaypointGroupStore] Loaded 4 waypoint groups from disk.
[23:21:22] [Render thread/INFO] [LegacyWaypointFileMigrator] 0 Legacy waypoints found that need to be migrated and backed up.
[23:21:22] [Render thread/INFO] [ColorPalette] Color palette file generated for 0 blockstates in 0ms for: D:\Users\Documents\Github\DreamBorderX-MC-SurvivalMachine\.minecraft\versions\Arcomua Cloth 1.21.4 Fabric 250305\journeymap\colorpalette.json
[23:21:22] [Render thread/INFO] [ColorPalette] Color palette file generated for 0 blockstates in 1ms for: D:\Users\Documents\Github\DreamBorderX-MC-SurvivalMachine\.minecraft\versions\Arcomua Cloth 1.21.4 Fabric 250305\journeymap\data\mp\Minecraft~_ip_play~orwoe~cn~223~82~2~153~25565\colorpalette.json
[23:21:22] [Render thread/INFO] [JourneymapClient] Mapping started in D:\Users\Documents\Github\DreamBorderX-MC-SurvivalMachine\.minecraft\versions\Arcomua Cloth 1.21.4 Fabric 250305\journeymap\data\mp\Minecraft~_ip_play~orwoe~cn~223~82~2~153~25565\overworld. Memory: 2048MB total, 670MB free 
[23:23:16] [Render thread/INFO] [JourneymapClient] Mapping halted in D:\Users\Documents\Github\DreamBorderX-MC-SurvivalMachine\.minecraft\versions\Arcomua Cloth 1.21.4 Fabric 250305\journeymap\data\mp\Minecraft~_ip_play~orwoe~cn~223~82~2~153~25565\minecraft:overworld
[23:23:16] [JM-task-17/WARN] [TaskBatch] TaskBatch thread interrupted: journeymap.client.task.multi.MapPlayerTask$MapPlayerTaskBatch@5ecf743e
[23:23:16] [Render thread/INFO] [WaypointHandler] Resetting Waypoints and Groups.
[23:23:16] [Render thread/INFO] [WaypointStore] Loaded 20 waypoints from disk.
[23:23:16] [Render thread/INFO] [WaypointGroupStore] Loaded 4 waypoint groups from disk.
[23:23:16] [Render thread/INFO] [LegacyWaypointFileMigrator] 0 Legacy waypoints found that need to be migrated and backed up.
[23:23:16] [Render thread/INFO] [ColorPalette] Color palette file generated for 0 blockstates in 0ms for: D:\Users\Documents\Github\DreamBorderX-MC-SurvivalMachine\.minecraft\versions\Arcomua Cloth 1.21.4 Fabric 250305\journeymap\colorpalette.json
[23:23:16] [Render thread/INFO] [ColorPalette] Color palette file generated for 0 blockstates in 0ms for: D:\Users\Documents\Github\DreamBorderX-MC-SurvivalMachine\.minecraft\versions\Arcomua Cloth 1.21.4 Fabric 250305\journeymap\data\mp\Minecraft~_ip_play~orwoe~cn~223~82~2~153~25565\colorpalette.json
[23:23:16] [Render thread/INFO] [JourneymapClient] Mapping started in D:\Users\Documents\Github\DreamBorderX-MC-SurvivalMachine\.minecraft\versions\Arcomua Cloth 1.21.4 Fabric 250305\journeymap\data\mp\Minecraft~_ip_play~orwoe~cn~223~82~2~153~25565\the_nether. Memory: 2048MB total, 280MB free 
[23:23:47] [Render thread/INFO] [JourneymapClient] Mapping halted in D:\Users\Documents\Github\DreamBorderX-MC-SurvivalMachine\.minecraft\versions\Arcomua Cloth 1.21.4 Fabric 250305\journeymap\data\mp\Minecraft~_ip_play~orwoe~cn~223~82~2~153~25565\minecraft:the_nether
[23:23:48] [Render thread/INFO] [WaypointHandler] Resetting Waypoints and Groups.
[23:23:48] [Render thread/INFO] [WaypointStore] Loaded 20 waypoints from disk.
[23:23:48] [Render thread/INFO] [WaypointGroupStore] Loaded 4 waypoint groups from disk.
[23:23:48] [Render thread/INFO] [LegacyWaypointFileMigrator] 0 Legacy waypoints found that need to be migrated and backed up.
[23:23:48] [Render thread/INFO] [ColorPalette] Color palette file generated for 0 blockstates in 1ms for: D:\Users\Documents\Github\DreamBorderX-MC-SurvivalMachine\.minecraft\versions\Arcomua Cloth 1.21.4 Fabric 250305\journeymap\colorpalette.json
[23:23:48] [Render thread/INFO] [ColorPalette] Color palette file generated for 0 blockstates in 0ms for: D:\Users\Documents\Github\DreamBorderX-MC-SurvivalMachine\.minecraft\versions\Arcomua Cloth 1.21.4 Fabric 250305\journeymap\data\mp\Minecraft~_ip_play~orwoe~cn~223~82~2~153~25565\colorpalette.json
[23:23:48] [Render thread/INFO] [JourneymapClient] Mapping started in D:\Users\Documents\Github\DreamBorderX-MC-SurvivalMachine\.minecraft\versions\Arcomua Cloth 1.21.4 Fabric 250305\journeymap\data\mp\Minecraft~_ip_play~orwoe~cn~223~82~2~153~25565\overworld. Memory: 2048MB total, 838MB free 
[23:23:50] [Render thread/INFO] [JourneymapClient] Mapping halted in D:\Users\Documents\Github\DreamBorderX-MC-SurvivalMachine\.minecraft\versions\Arcomua Cloth 1.21.4 Fabric 250305\journeymap\data\mp\Minecraft~_ip_play~orwoe~cn~223~82~2~153~25565\minecraft:overworld
[23:23:51] [Render thread/INFO] [WaypointHandler] Resetting Waypoints and Groups.
[23:23:51] [Render thread/INFO] [WaypointStore] Loaded 20 waypoints from disk.
[23:23:51] [Render thread/INFO] [WaypointGroupStore] Loaded 4 waypoint groups from disk.
[23:23:51] [Render thread/INFO] [LegacyWaypointFileMigrator] 0 Legacy waypoints found that need to be migrated and backed up.
[23:23:51] [Render thread/INFO] [ColorPalette] Color palette file generated for 0 blockstates in 0ms for: D:\Users\Documents\Github\DreamBorderX-MC-SurvivalMachine\.minecraft\versions\Arcomua Cloth 1.21.4 Fabric 250305\journeymap\colorpalette.json
[23:23:51] [Render thread/INFO] [ColorPalette] Color palette file generated for 0 blockstates in 1ms for: D:\Users\Documents\Github\DreamBorderX-MC-SurvivalMachine\.minecraft\versions\Arcomua Cloth 1.21.4 Fabric 250305\journeymap\data\mp\Minecraft~_ip_play~orwoe~cn~223~82~2~153~25565\colorpalette.json
[23:23:51] [Render thread/INFO] [JourneymapClient] Mapping started in D:\Users\Documents\Github\DreamBorderX-MC-SurvivalMachine\.minecraft\versions\Arcomua Cloth 1.21.4 Fabric 250305\journeymap\data\mp\Minecraft~_ip_play~orwoe~cn~223~82~2~153~25565\the_end. Memory: 2048MB total, 727MB free 
[23:26:41] [Render thread/INFO] [JourneymapClient] Mapping halted in D:\Users\Documents\Github\DreamBorderX-MC-SurvivalMachine\.minecraft\versions\Arcomua Cloth 1.21.4 Fabric 250305\journeymap\data\mp\Minecraft~_ip_play~orwoe~cn~223~82~2~153~25565\minecraft:the_end
[23:26:42] [Render thread/INFO] [WaypointHandler] Resetting Waypoints and Groups.
[23:26:42] [Render thread/INFO] [WaypointStore] Loaded 20 waypoints from disk.
[23:26:42] [Render thread/INFO] [WaypointGroupStore] Loaded 4 waypoint groups from disk.
[23:26:42] [Render thread/INFO] [LegacyWaypointFileMigrator] 0 Legacy waypoints found that need to be migrated and backed up.
[23:26:42] [Render thread/INFO] [ColorPalette] Color palette file generated for 0 blockstates in 1ms for: D:\Users\Documents\Github\DreamBorderX-MC-SurvivalMachine\.minecraft\versions\Arcomua Cloth 1.21.4 Fabric 250305\journeymap\colorpalette.json
[23:26:42] [Render thread/INFO] [ColorPalette] Color palette file generated for 0 blockstates in 1ms for: D:\Users\Documents\Github\DreamBorderX-MC-SurvivalMachine\.minecraft\versions\Arcomua Cloth 1.21.4 Fabric 250305\journeymap\data\mp\Minecraft~_ip_play~orwoe~cn~223~82~2~153~25565\colorpalette.json
[23:26:42] [Render thread/INFO] [JourneymapClient] Mapping started in D:\Users\Documents\Github\DreamBorderX-MC-SurvivalMachine\.minecraft\versions\Arcomua Cloth 1.21.4 Fabric 250305\journeymap\data\mp\Minecraft~_ip_play~orwoe~cn~223~82~2~153~25565\overworld. Memory: 2048MB total, 348MB free 
[23:27:59] [Render thread/INFO] [JourneymapClient] Mapping halted in D:\Users\Documents\Github\DreamBorderX-MC-SurvivalMachine\.minecraft\versions\Arcomua Cloth 1.21.4 Fabric 250305\journeymap\data\mp\Minecraft~_ip_play~orwoe~cn~223~82~2~153~25565\minecraft:overworld
[23:28:00] [Render thread/INFO] [WaypointHandler] Resetting Waypoints and Groups.
[23:28:00] [Render thread/INFO] [WaypointStore] Loaded 20 waypoints from disk.
[23:28:00] [Render thread/INFO] [WaypointGroupStore] Loaded 4 waypoint groups from disk.
[23:28:00] [Render thread/INFO] [LegacyWaypointFileMigrator] 0 Legacy waypoints found that need to be migrated and backed up.
[23:28:00] [Render thread/INFO] [ColorPalette] Color palette file generated for 0 blockstates in 0ms for: D:\Users\Documents\Github\DreamBorderX-MC-SurvivalMachine\.minecraft\versions\Arcomua Cloth 1.21.4 Fabric 250305\journeymap\colorpalette.json
[23:28:00] [Render thread/INFO] [ColorPalette] Color palette file generated for 0 blockstates in 0ms for: D:\Users\Documents\Github\DreamBorderX-MC-SurvivalMachine\.minecraft\versions\Arcomua Cloth 1.21.4 Fabric 250305\journeymap\data\mp\Minecraft~_ip_play~orwoe~cn~223~82~2~153~25565\colorpalette.json
[23:28:00] [Render thread/INFO] [JourneymapClient] Mapping started in D:\Users\Documents\Github\DreamBorderX-MC-SurvivalMachine\.minecraft\versions\Arcomua Cloth 1.21.4 Fabric 250305\journeymap\data\mp\Minecraft~_ip_play~orwoe~cn~223~82~2~153~25565\the_nether. Memory: 2048MB total, 729MB free 
[23:28:06] [Render thread/INFO] [JourneymapClient] Mapping halted in D:\Users\Documents\Github\DreamBorderX-MC-SurvivalMachine\.minecraft\versions\Arcomua Cloth 1.21.4 Fabric 250305\journeymap\data\mp\Minecraft~_ip_play~orwoe~cn~223~82~2~153~25565\minecraft:the_nether
[23:28:07] [Render thread/INFO] [WaypointHandler] Resetting Waypoints and Groups.
[23:28:07] [Render thread/INFO] [WaypointStore] Loaded 20 waypoints from disk.
[23:28:07] [Render thread/INFO] [WaypointGroupStore] Loaded 4 waypoint groups from disk.
[23:28:07] [Render thread/INFO] [LegacyWaypointFileMigrator] 0 Legacy waypoints found that need to be migrated and backed up.
[23:28:07] [Render thread/INFO] [ColorPalette] Color palette file generated for 0 blockstates in 1ms for: D:\Users\Documents\Github\DreamBorderX-MC-SurvivalMachine\.minecraft\versions\Arcomua Cloth 1.21.4 Fabric 250305\journeymap\colorpalette.json
[23:28:07] [Render thread/INFO] [ColorPalette] Color palette file generated for 0 blockstates in 1ms for: D:\Users\Documents\Github\DreamBorderX-MC-SurvivalMachine\.minecraft\versions\Arcomua Cloth 1.21.4 Fabric 250305\journeymap\data\mp\Minecraft~_ip_play~orwoe~cn~223~82~2~153~25565\colorpalette.json
[23:28:07] [Render thread/INFO] [JourneymapClient] Mapping started in D:\Users\Documents\Github\DreamBorderX-MC-SurvivalMachine\.minecraft\versions\Arcomua Cloth 1.21.4 Fabric 250305\journeymap\data\mp\Minecraft~_ip_play~orwoe~cn~223~82~2~153~25565\overworld. Memory: 2048MB total, 682MB free 
[23:29:25] [Render thread/INFO] [JourneymapClient] Mapping halted in D:\Users\Documents\Github\DreamBorderX-MC-SurvivalMachine\.minecraft\versions\Arcomua Cloth 1.21.4 Fabric 250305\journeymap\data\mp\Minecraft~_ip_play~orwoe~cn~223~82~2~153~25565\minecraft:overworld
[23:29:25] [JM-task-23/WARN] [TaskBatch] TaskBatch thread interrupted: journeymap.client.task.multi.MapPlayerTask$MapPlayerTaskBatch@3d265b4f
[23:29:27] [Render thread/INFO] [WaypointHandler] Resetting Waypoints and Groups.
[23:29:27] [Render thread/INFO] [WaypointStore] Loaded 20 waypoints from disk.
[23:29:27] [Render thread/INFO] [WaypointGroupStore] Loaded 4 waypoint groups from disk.
[23:29:27] [Render thread/INFO] [LegacyWaypointFileMigrator] 0 Legacy waypoints found that need to be migrated and backed up.
[23:29:27] [Render thread/INFO] [ColorPalette] Color palette file generated for 0 blockstates in 0ms for: D:\Users\Documents\Github\DreamBorderX-MC-SurvivalMachine\.minecraft\versions\Arcomua Cloth 1.21.4 Fabric 250305\journeymap\colorpalette.json
[23:29:27] [Render thread/INFO] [ColorPalette] Color palette file generated for 0 blockstates in 1ms for: D:\Users\Documents\Github\DreamBorderX-MC-SurvivalMachine\.minecraft\versions\Arcomua Cloth 1.21.4 Fabric 250305\journeymap\data\mp\Minecraft~_ip_play~orwoe~cn~223~82~2~153~25565\colorpalette.json
[23:29:27] [Render thread/INFO] [JourneymapClient] Mapping started in D:\Users\Documents\Github\DreamBorderX-MC-SurvivalMachine\.minecraft\versions\Arcomua Cloth 1.21.4 Fabric 250305\journeymap\data\mp\Minecraft~_ip_play~orwoe~cn~223~82~2~153~25565\the_nether. Memory: 2048MB total, 443MB free 
[23:30:01] [Render thread/INFO] [JourneymapClient] Mapping halted in D:\Users\Documents\Github\DreamBorderX-MC-SurvivalMachine\.minecraft\versions\Arcomua Cloth 1.21.4 Fabric 250305\journeymap\data\mp\Minecraft~_ip_play~orwoe~cn~223~82~2~153~25565\minecraft:the_nether
[23:30:02] [Render thread/INFO] [WaypointHandler] Resetting Waypoints and Groups.
[23:30:02] [Render thread/INFO] [WaypointStore] Loaded 20 waypoints from disk.
[23:30:02] [Render thread/INFO] [WaypointGroupStore] Loaded 4 waypoint groups from disk.
[23:30:02] [Render thread/INFO] [LegacyWaypointFileMigrator] 0 Legacy waypoints found that need to be migrated and backed up.
[23:30:02] [Render thread/INFO] [ColorPalette] Color palette file generated for 0 blockstates in 1ms for: D:\Users\Documents\Github\DreamBorderX-MC-SurvivalMachine\.minecraft\versions\Arcomua Cloth 1.21.4 Fabric 250305\journeymap\colorpalette.json
[23:30:02] [Render thread/INFO] [ColorPalette] Color palette file generated for 0 blockstates in 1ms for: D:\Users\Documents\Github\DreamBorderX-MC-SurvivalMachine\.minecraft\versions\Arcomua Cloth 1.21.4 Fabric 250305\journeymap\data\mp\Minecraft~_ip_play~orwoe~cn~223~82~2~153~25565\colorpalette.json
[23:30:02] [Render thread/INFO] [JourneymapClient] Mapping started in D:\Users\Documents\Github\DreamBorderX-MC-SurvivalMachine\.minecraft\versions\Arcomua Cloth 1.21.4 Fabric 250305\journeymap\data\mp\Minecraft~_ip_play~orwoe~cn~223~82~2~153~25565\overworld. Memory: 2048MB total, 442MB free 
[23:30:40] [Render thread/INFO] [JourneymapClient] Mapping halted in D:\Users\Documents\Github\DreamBorderX-MC-SurvivalMachine\.minecraft\versions\Arcomua Cloth 1.21.4 Fabric 250305\journeymap\data\mp\Minecraft~_ip_play~orwoe~cn~223~82~2~153~25565\minecraft:overworld
[23:30:40] [Render thread/INFO] [WaypointHandler] Resetting Waypoints and Groups.
[23:30:40] [Render thread/INFO] [WaypointStore] Loaded 20 waypoints from disk.
[23:30:40] [Render thread/INFO] [WaypointGroupStore] Loaded 4 waypoint groups from disk.
[23:30:40] [Render thread/INFO] [LegacyWaypointFileMigrator] 0 Legacy waypoints found that need to be migrated and backed up.
[23:30:40] [Render thread/INFO] [ColorPalette] Color palette file generated for 0 blockstates in 1ms for: D:\Users\Documents\Github\DreamBorderX-MC-SurvivalMachine\.minecraft\versions\Arcomua Cloth 1.21.4 Fabric 250305\journeymap\colorpalette.json
[23:30:40] [Render thread/INFO] [ColorPalette] Color palette file generated for 0 blockstates in 2ms for: D:\Users\Documents\Github\DreamBorderX-MC-SurvivalMachine\.minecraft\versions\Arcomua Cloth 1.21.4 Fabric 250305\journeymap\data\mp\Minecraft~_ip_play~orwoe~cn~223~82~2~153~25565\colorpalette.json
[23:30:40] [Render thread/INFO] [JourneymapClient] Mapping started in D:\Users\Documents\Github\DreamBorderX-MC-SurvivalMachine\.minecraft\versions\Arcomua Cloth 1.21.4 Fabric 250305\journeymap\data\mp\Minecraft~_ip_play~orwoe~cn~223~82~2~153~25565\the_nether. Memory: 2048MB total, 611MB free 
[23:30:54] [Render thread/INFO] [JourneymapClient] Mapping halted in D:\Users\Documents\Github\DreamBorderX-MC-SurvivalMachine\.minecraft\versions\Arcomua Cloth 1.21.4 Fabric 250305\journeymap\data\mp\Minecraft~_ip_play~orwoe~cn~223~82~2~153~25565\minecraft:the_nether
[23:30:54] [Render thread/INFO] [WaypointHandler] Resetting Waypoints and Groups.
[23:30:54] [Render thread/INFO] [WaypointStore] Loaded 20 waypoints from disk.
[23:30:54] [Render thread/INFO] [WaypointGroupStore] Loaded 4 waypoint groups from disk.
[23:30:54] [Render thread/INFO] [LegacyWaypointFileMigrator] 0 Legacy waypoints found that need to be migrated and backed up.
[23:30:54] [Render thread/INFO] [ColorPalette] Color palette file generated for 0 blockstates in 0ms for: D:\Users\Documents\Github\DreamBorderX-MC-SurvivalMachine\.minecraft\versions\Arcomua Cloth 1.21.4 Fabric 250305\journeymap\colorpalette.json
[23:30:54] [Render thread/INFO] [ColorPalette] Color palette file generated for 0 blockstates in 0ms for: D:\Users\Documents\Github\DreamBorderX-MC-SurvivalMachine\.minecraft\versions\Arcomua Cloth 1.21.4 Fabric 250305\journeymap\data\mp\Minecraft~_ip_play~orwoe~cn~223~82~2~153~25565\colorpalette.json
[23:30:54] [Render thread/INFO] [JourneymapClient] Mapping started in D:\Users\Documents\Github\DreamBorderX-MC-SurvivalMachine\.minecraft\versions\Arcomua Cloth 1.21.4 Fabric 250305\journeymap\data\mp\Minecraft~_ip_play~orwoe~cn~223~82~2~153~25565\overworld. Memory: 2048MB total, 464MB free 
[23:31:07] [Render thread/INFO] [JourneymapClient] Mapping halted in D:\Users\Documents\Github\DreamBorderX-MC-SurvivalMachine\.minecraft\versions\Arcomua Cloth 1.21.4 Fabric 250305\journeymap\data\mp\Minecraft~_ip_play~orwoe~cn~223~82~2~153~25565\minecraft:overworld
[23:31:08] [Render thread/INFO] [WaypointHandler] Resetting Waypoints and Groups.
[23:31:08] [Render thread/INFO] [WaypointStore] Loaded 20 waypoints from disk.
[23:31:08] [Render thread/INFO] [WaypointGroupStore] Loaded 4 waypoint groups from disk.
[23:31:08] [Render thread/INFO] [LegacyWaypointFileMigrator] 0 Legacy waypoints found that need to be migrated and backed up.
[23:31:08] [Render thread/INFO] [ColorPalette] Color palette file generated for 0 blockstates in 0ms for: D:\Users\Documents\Github\DreamBorderX-MC-SurvivalMachine\.minecraft\versions\Arcomua Cloth 1.21.4 Fabric 250305\journeymap\colorpalette.json
[23:31:08] [Render thread/INFO] [ColorPalette] Color palette file generated for 0 blockstates in 1ms for: D:\Users\Documents\Github\DreamBorderX-MC-SurvivalMachine\.minecraft\versions\Arcomua Cloth 1.21.4 Fabric 250305\journeymap\data\mp\Minecraft~_ip_play~orwoe~cn~223~82~2~153~25565\colorpalette.json
[23:31:08] [Render thread/INFO] [JourneymapClient] Mapping started in D:\Users\Documents\Github\DreamBorderX-MC-SurvivalMachine\.minecraft\versions\Arcomua Cloth 1.21.4 Fabric 250305\journeymap\data\mp\Minecraft~_ip_play~orwoe~cn~223~82~2~153~25565\the_end. Memory: 2048MB total, 495MB free 
[23:32:23] [Render thread/INFO] [JourneymapClient] Mapping halted in D:\Users\Documents\Github\DreamBorderX-MC-SurvivalMachine\.minecraft\versions\Arcomua Cloth 1.21.4 Fabric 250305\journeymap\data\mp\Minecraft~_ip_play~orwoe~cn~223~82~2~153~25565\minecraft:the_end
[23:32:23] [Render thread/INFO] [WaypointHandler] Resetting Waypoints and Groups.
[23:32:23] [Render thread/INFO] [WaypointStore] Loaded 20 waypoints from disk.
[23:32:23] [Render thread/INFO] [WaypointGroupStore] Loaded 4 waypoint groups from disk.
[23:32:23] [Render thread/INFO] [LegacyWaypointFileMigrator] 0 Legacy waypoints found that need to be migrated and backed up.
[23:32:23] [Render thread/INFO] [ColorPalette] Color palette file generated for 0 blockstates in 1ms for: D:\Users\Documents\Github\DreamBorderX-MC-SurvivalMachine\.minecraft\versions\Arcomua Cloth 1.21.4 Fabric 250305\journeymap\colorpalette.json
[23:32:23] [Render thread/INFO] [ColorPalette] Color palette file generated for 0 blockstates in 1ms for: D:\Users\Documents\Github\DreamBorderX-MC-SurvivalMachine\.minecraft\versions\Arcomua Cloth 1.21.4 Fabric 250305\journeymap\data\mp\Minecraft~_ip_play~orwoe~cn~223~82~2~153~25565\colorpalette.json
[23:32:23] [Render thread/INFO] [JourneymapClient] Mapping started in D:\Users\Documents\Github\DreamBorderX-MC-SurvivalMachine\.minecraft\versions\Arcomua Cloth 1.21.4 Fabric 250305\journeymap\data\mp\Minecraft~_ip_play~orwoe~cn~223~82~2~153~25565\overworld. Memory: 2048MB total, 489MB free 
[23:34:50] [Netty Client IO #5/INFO] [TextureCache] [JourneyMap]: Purging Theme Images
[23:34:50] [Netty Client IO #5/INFO] [TextureCache] [JourneyMap]: Purging Region Images
[23:34:50] [Netty Client IO #5/INFO] [TextureCache] [JourneyMap]: Purging Mob Icon Images
[23:34:50] [Render thread/INFO] [JourneymapClient] Mapping halted in D:\Users\Documents\Github\DreamBorderX-MC-SurvivalMachine\.minecraft\versions\Arcomua Cloth 1.21.4 Fabric 250305\journeymap\data\mp\Minecraft~_ip_play~orwoe~cn~223~82~2~153~25565\minecraft:overworld
[23:34:51] [Render thread/INFO] [MappingMonitorTask] World ID has been reset.
[23:34:51] [Render thread/INFO] [JourneymapClient] World UID is set to: null
