[14:23:35] [REI-ReloadPlugins/ERROR] [REI] Failed to run end-reload task for reloadable [ServerDisplayRegistryImpl] in stage [END]
java.lang.NullPointerException: Cannot invoke "net.minecraft.server.MinecraftServer.method_3772()" because the return value of "dev.architectury.utils.GameInstance.getServer()" is null
	at knot//me.shedaniel.rei.impl.common.registry.displays.ServerDisplayRegistryImpl.getAllSortedRecipes(ServerDisplayRegistryImpl.java:230)
	at knot//me.shedaniel.rei.impl.common.registry.displays.ServerDisplayRegistryImpl.fillRecipes(ServerDisplayRegistryImpl.java:216)
	at knot//me.shedaniel.rei.impl.common.registry.displays.ServerDisplayRegistryImpl.endReload(ServerDisplayRegistryImpl.java:209)
	at knot//me.shedaniel.rei.api.common.registry.Reloadable.endReload(Reloadable.java:47)
	at knot//me.shedaniel.rei.impl.common.plugins.PluginManagerImpl.reload(PluginManagerImpl.java:464)
	at knot//me.shedaniel.rei.impl.common.plugins.ReloadManagerImpl.reloadPlugins0(ReloadManagerImpl.java:155)
	at knot//me.shedaniel.rei.impl.common.plugins.ReloadManagerImpl.reloadPlugins0(ReloadManagerImpl.java:144)
	at knot//me.shedaniel.rei.impl.common.plugins.ReloadManagerImpl.lambda$reloadPlugins$7(ReloadManagerImpl.java:122)
	at java.base/java.util.concurrent.CompletableFuture$AsyncRun.run(CompletableFuture.java:1848)
	at java.base/java.util.concurrent.Executors$RunnableAdapter.call(Executors.java:572)
	at java.base/java.util.concurrent.FutureTask.run(FutureTask.java:317)
	at java.base/java.util.concurrent.ScheduledThreadPoolExecutor$ScheduledFutureTask.run(ScheduledThreadPoolExecutor.java:304)
	at java.base/java.util.concurrent.ThreadPoolExecutor.runWorker(ThreadPoolExecutor.java:1144)
	at java.base/java.util.concurrent.ThreadPoolExecutor$Worker.run(ThreadPoolExecutor.java:642)
	at java.base/java.lang.Thread.run(Thread.java:1575)
[14:49:12] [REI-ReloadPlugins/ERROR] [REI] Failed to run end-reload task for reloadable [ServerDisplayRegistryImpl] in stage [END]
java.lang.NullPointerException: Cannot invoke "net.minecraft.server.MinecraftServer.method_3772()" because the return value of "dev.architectury.utils.GameInstance.getServer()" is null
	at knot//me.shedaniel.rei.impl.common.registry.displays.ServerDisplayRegistryImpl.getAllSortedRecipes(ServerDisplayRegistryImpl.java:230)
	at knot//me.shedaniel.rei.impl.common.registry.displays.ServerDisplayRegistryImpl.fillRecipes(ServerDisplayRegistryImpl.java:216)
	at knot//me.shedaniel.rei.impl.common.registry.displays.ServerDisplayRegistryImpl.endReload(ServerDisplayRegistryImpl.java:209)
	at knot//me.shedaniel.rei.api.common.registry.Reloadable.endReload(Reloadable.java:47)
	at knot//me.shedaniel.rei.impl.common.plugins.PluginManagerImpl.reload(PluginManagerImpl.java:464)
	at knot//me.shedaniel.rei.impl.common.plugins.ReloadManagerImpl.reloadPlugins0(ReloadManagerImpl.java:155)
	at knot//me.shedaniel.rei.impl.common.plugins.ReloadManagerImpl.reloadPlugins0(ReloadManagerImpl.java:144)
	at knot//me.shedaniel.rei.impl.common.plugins.ReloadManagerImpl.lambda$reloadPlugins$7(ReloadManagerImpl.java:122)
	at java.base/java.util.concurrent.CompletableFuture$AsyncRun.run(CompletableFuture.java:1848)
	at java.base/java.util.concurrent.Executors$RunnableAdapter.call(Executors.java:572)
	at java.base/java.util.concurrent.FutureTask.run(FutureTask.java:317)
	at java.base/java.util.concurrent.ScheduledThreadPoolExecutor$ScheduledFutureTask.run(ScheduledThreadPoolExecutor.java:304)
	at java.base/java.util.concurrent.ThreadPoolExecutor.runWorker(ThreadPoolExecutor.java:1144)
	at java.base/java.util.concurrent.ThreadPoolExecutor$Worker.run(ThreadPoolExecutor.java:642)
	at java.base/java.lang.Thread.run(Thread.java:1575)
[15:20:39] [REI-ReloadPlugins/ERROR] [REI] Failed to run end-reload task for reloadable [ServerDisplayRegistryImpl] in stage [END]
java.lang.NullPointerException: Cannot invoke "net.minecraft.server.MinecraftServer.method_3772()" because the return value of "dev.architectury.utils.GameInstance.getServer()" is null
	at knot//me.shedaniel.rei.impl.common.registry.displays.ServerDisplayRegistryImpl.getAllSortedRecipes(ServerDisplayRegistryImpl.java:230)
	at knot//me.shedaniel.rei.impl.common.registry.displays.ServerDisplayRegistryImpl.fillRecipes(ServerDisplayRegistryImpl.java:216)
	at knot//me.shedaniel.rei.impl.common.registry.displays.ServerDisplayRegistryImpl.endReload(ServerDisplayRegistryImpl.java:209)
	at knot//me.shedaniel.rei.api.common.registry.Reloadable.endReload(Reloadable.java:47)
	at knot//me.shedaniel.rei.impl.common.plugins.PluginManagerImpl.reload(PluginManagerImpl.java:464)
	at knot//me.shedaniel.rei.impl.common.plugins.ReloadManagerImpl.reloadPlugins0(ReloadManagerImpl.java:155)
	at knot//me.shedaniel.rei.impl.common.plugins.ReloadManagerImpl.reloadPlugins0(ReloadManagerImpl.java:144)
	at knot//me.shedaniel.rei.impl.common.plugins.ReloadManagerImpl.lambda$reloadPlugins$7(ReloadManagerImpl.java:122)
	at java.base/java.util.concurrent.CompletableFuture$AsyncRun.run(CompletableFuture.java:1848)
	at java.base/java.util.concurrent.Executors$RunnableAdapter.call(Executors.java:572)
	at java.base/java.util.concurrent.FutureTask.run(FutureTask.java:317)
	at java.base/java.util.concurrent.ScheduledThreadPoolExecutor$ScheduledFutureTask.run(ScheduledThreadPoolExecutor.java:304)
	at java.base/java.util.concurrent.ThreadPoolExecutor.runWorker(ThreadPoolExecutor.java:1144)
	at java.base/java.util.concurrent.ThreadPoolExecutor$Worker.run(ThreadPoolExecutor.java:642)
	at java.base/java.lang.Thread.run(Thread.java:1575)
[15:20:51] [REI-ReloadPlugins/ERROR] [REI] Failed to collect creative tab: net.minecraft.class_1761@202d771b
java.lang.NullPointerException: Cannot invoke "net.minecraft.class_1799.method_7947()" because "$$0" is null
	at knot//net.minecraft.class_1761$class_7703.method_45417(class_1761.java:231)
	at knot//net.minecraft.class_1761$class_7704.method_45419(class_1761.java:280)
	at knot//it.unimi.dsi.fastutil.objects.ObjectLinkedOpenCustomHashSet.forEach(ObjectLinkedOpenCustomHashSet.java:1062)
	at knot//net.minecraft.class_1761$class_7704.method_45424(class_1761.java:280)
	at knot//net.minecraft.class_1761$class_7704.method_45423(class_1761.java:284)
	at knot//net.minecraft.class_7706.method_51316(class_7706.java:1441)
	at knot//me.shedaniel.rei.impl.client.fabric.CreativeModeTabCollectorImpl.collectTabs(CreativeModeTabCollectorImpl.java:53)
	at java.base/jdk.internal.reflect.DirectMethodHandleAccessor.invoke(DirectMethodHandleAccessor.java:103)
	at java.base/java.lang.reflect.Method.invoke(Method.java:580)
	at knot//me.shedaniel.rei.plugin.client.DefaultClientPlugin.collectTabs(DefaultClientPlugin.java:184)
	at knot//me.shedaniel.rei.plugin.client.DefaultClientPlugin.registerEntries(DefaultClientPlugin.java:145)
	at knot//me.shedaniel.rei.impl.common.entry.type.EntryRegistryImpl.acceptPlugin(EntryRegistryImpl.java:69)
	at knot//me.shedaniel.rei.impl.common.entry.type.EntryRegistryImpl.acceptPlugin(EntryRegistryImpl.java:51)
	at knot//me.shedaniel.rei.api.common.registry.Reloadable.acceptPlugin(Reloadable.java:78)
	at knot//me.shedaniel.rei.impl.common.plugins.PluginManagerImpl.lambda$reload$12(PluginManagerImpl.java:427)
	at knot//me.shedaniel.rei.impl.common.plugins.PluginManagerImpl.lambda$pluginSection$4(PluginManagerImpl.java:190)
	at knot//me.shedaniel.rei.impl.common.plugins.PluginManagerImpl.lambda$reload$13(PluginManagerImpl.java:417)
	at knot//me.shedaniel.rei.impl.common.plugins.PluginManagerImpl.pluginSection(PluginManagerImpl.java:188)
	at knot//me.shedaniel.rei.impl.common.plugins.PluginManagerImpl.reload(PluginManagerImpl.java:415)
	at knot//me.shedaniel.rei.impl.common.plugins.ReloadManagerImpl.reloadPlugins0(ReloadManagerImpl.java:155)
	at knot//me.shedaniel.rei.impl.common.plugins.ReloadManagerImpl.reloadPlugins0(ReloadManagerImpl.java:144)
	at knot//me.shedaniel.rei.impl.common.plugins.ReloadManagerImpl.lambda$reloadPlugins$7(ReloadManagerImpl.java:122)
	at java.base/java.util.concurrent.CompletableFuture$AsyncRun.run(CompletableFuture.java:1848)
	at java.base/java.util.concurrent.Executors$RunnableAdapter.call(Executors.java:572)
	at java.base/java.util.concurrent.FutureTask.run(FutureTask.java:317)
	at java.base/java.util.concurrent.ScheduledThreadPoolExecutor$ScheduledFutureTask.run(ScheduledThreadPoolExecutor.java:304)
	at java.base/java.util.concurrent.ThreadPoolExecutor.runWorker(ThreadPoolExecutor.java:1144)
	at java.base/java.util.concurrent.ThreadPoolExecutor$Worker.run(ThreadPoolExecutor.java:642)
	at java.base/java.lang.Thread.run(Thread.java:1575)
[15:20:51] [REI-ReloadPlugins/ERROR] [REI] Failed to run end-reload task for reloadable [ServerDisplayRegistryImpl] in stage [END]
java.lang.NullPointerException: Cannot invoke "net.minecraft.server.MinecraftServer.method_3772()" because the return value of "dev.architectury.utils.GameInstance.getServer()" is null
	at knot//me.shedaniel.rei.impl.common.registry.displays.ServerDisplayRegistryImpl.getAllSortedRecipes(ServerDisplayRegistryImpl.java:230)
	at knot//me.shedaniel.rei.impl.common.registry.displays.ServerDisplayRegistryImpl.fillRecipes(ServerDisplayRegistryImpl.java:216)
	at knot//me.shedaniel.rei.impl.common.registry.displays.ServerDisplayRegistryImpl.endReload(ServerDisplayRegistryImpl.java:209)
	at knot//me.shedaniel.rei.api.common.registry.Reloadable.endReload(Reloadable.java:47)
	at knot//me.shedaniel.rei.impl.common.plugins.PluginManagerImpl.reload(PluginManagerImpl.java:464)
	at knot//me.shedaniel.rei.impl.common.plugins.ReloadManagerImpl.reloadPlugins0(ReloadManagerImpl.java:155)
	at knot//me.shedaniel.rei.impl.common.plugins.ReloadManagerImpl.reloadPlugins0(ReloadManagerImpl.java:144)
	at knot//me.shedaniel.rei.impl.common.plugins.ReloadManagerImpl.lambda$reloadPlugins$7(ReloadManagerImpl.java:122)
	at java.base/java.util.concurrent.CompletableFuture$AsyncRun.run(CompletableFuture.java:1848)
	at java.base/java.util.concurrent.Executors$RunnableAdapter.call(Executors.java:572)
	at java.base/java.util.concurrent.FutureTask.run(FutureTask.java:317)
	at java.base/java.util.concurrent.ScheduledThreadPoolExecutor$ScheduledFutureTask.run(ScheduledThreadPoolExecutor.java:304)
	at java.base/java.util.concurrent.ThreadPoolExecutor.runWorker(ThreadPoolExecutor.java:1144)
	at java.base/java.util.concurrent.ThreadPoolExecutor$Worker.run(ThreadPoolExecutor.java:642)
	at java.base/java.lang.Thread.run(Thread.java:1575)
[15:20:59] [REI-ReloadPlugins/ERROR] [REI] Failed to run end-reload task for reloadable [ServerDisplayRegistryImpl] in stage [END]
java.lang.NullPointerException: Cannot invoke "net.minecraft.server.MinecraftServer.method_3772()" because the return value of "dev.architectury.utils.GameInstance.getServer()" is null
	at knot//me.shedaniel.rei.impl.common.registry.displays.ServerDisplayRegistryImpl.getAllSortedRecipes(ServerDisplayRegistryImpl.java:230)
	at knot//me.shedaniel.rei.impl.common.registry.displays.ServerDisplayRegistryImpl.fillRecipes(ServerDisplayRegistryImpl.java:216)
	at knot//me.shedaniel.rei.impl.common.registry.displays.ServerDisplayRegistryImpl.endReload(ServerDisplayRegistryImpl.java:209)
	at knot//me.shedaniel.rei.api.common.registry.Reloadable.endReload(Reloadable.java:47)
	at knot//me.shedaniel.rei.impl.common.plugins.PluginManagerImpl.reload(PluginManagerImpl.java:464)
	at knot//me.shedaniel.rei.impl.common.plugins.ReloadManagerImpl.reloadPlugins0(ReloadManagerImpl.java:155)
	at knot//me.shedaniel.rei.impl.common.plugins.ReloadManagerImpl.reloadPlugins0(ReloadManagerImpl.java:144)
	at knot//me.shedaniel.rei.impl.common.plugins.ReloadManagerImpl.lambda$reloadPlugins$7(ReloadManagerImpl.java:122)
	at java.base/java.util.concurrent.CompletableFuture$AsyncRun.run(CompletableFuture.java:1848)
	at java.base/java.util.concurrent.Executors$RunnableAdapter.call(Executors.java:572)
	at java.base/java.util.concurrent.FutureTask.run(FutureTask.java:317)
	at java.base/java.util.concurrent.ScheduledThreadPoolExecutor$ScheduledFutureTask.run(ScheduledThreadPoolExecutor.java:304)
	at java.base/java.util.concurrent.ThreadPoolExecutor.runWorker(ThreadPoolExecutor.java:1144)
	at java.base/java.util.concurrent.ThreadPoolExecutor$Worker.run(ThreadPoolExecutor.java:642)
	at java.base/java.lang.Thread.run(Thread.java:1575)
[15:22:30] [REI-ReloadPlugins/ERROR] [REI] Failed to run end-reload task for reloadable [ServerDisplayRegistryImpl] in stage [END]
java.lang.NullPointerException: Cannot invoke "net.minecraft.server.MinecraftServer.method_3772()" because the return value of "dev.architectury.utils.GameInstance.getServer()" is null
	at knot//me.shedaniel.rei.impl.common.registry.displays.ServerDisplayRegistryImpl.getAllSortedRecipes(ServerDisplayRegistryImpl.java:230)
	at knot//me.shedaniel.rei.impl.common.registry.displays.ServerDisplayRegistryImpl.fillRecipes(ServerDisplayRegistryImpl.java:216)
	at knot//me.shedaniel.rei.impl.common.registry.displays.ServerDisplayRegistryImpl.endReload(ServerDisplayRegistryImpl.java:209)
	at knot//me.shedaniel.rei.api.common.registry.Reloadable.endReload(Reloadable.java:47)
	at knot//me.shedaniel.rei.impl.common.plugins.PluginManagerImpl.reload(PluginManagerImpl.java:464)
	at knot//me.shedaniel.rei.impl.common.plugins.ReloadManagerImpl.reloadPlugins0(ReloadManagerImpl.java:155)
	at knot//me.shedaniel.rei.impl.common.plugins.ReloadManagerImpl.reloadPlugins0(ReloadManagerImpl.java:144)
	at knot//me.shedaniel.rei.impl.common.plugins.ReloadManagerImpl.lambda$reloadPlugins$7(ReloadManagerImpl.java:122)
	at java.base/java.util.concurrent.CompletableFuture$AsyncRun.run(CompletableFuture.java:1848)
	at java.base/java.util.concurrent.Executors$RunnableAdapter.call(Executors.java:572)
	at java.base/java.util.concurrent.FutureTask.run(FutureTask.java:317)
	at java.base/java.util.concurrent.ScheduledThreadPoolExecutor$ScheduledFutureTask.run(ScheduledThreadPoolExecutor.java:304)
	at java.base/java.util.concurrent.ThreadPoolExecutor.runWorker(ThreadPoolExecutor.java:1144)
	at java.base/java.util.concurrent.ThreadPoolExecutor$Worker.run(ThreadPoolExecutor.java:642)
	at java.base/java.lang.Thread.run(Thread.java:1575)
[15:22:35] [REI-ReloadPlugins/ERROR] [REI] Failed to run end-reload task for reloadable [ServerDisplayRegistryImpl] in stage [END]
java.lang.NullPointerException: Cannot invoke "net.minecraft.server.MinecraftServer.method_3772()" because the return value of "dev.architectury.utils.GameInstance.getServer()" is null
	at knot//me.shedaniel.rei.impl.common.registry.displays.ServerDisplayRegistryImpl.getAllSortedRecipes(ServerDisplayRegistryImpl.java:230)
	at knot//me.shedaniel.rei.impl.common.registry.displays.ServerDisplayRegistryImpl.fillRecipes(ServerDisplayRegistryImpl.java:216)
	at knot//me.shedaniel.rei.impl.common.registry.displays.ServerDisplayRegistryImpl.endReload(ServerDisplayRegistryImpl.java:209)
	at knot//me.shedaniel.rei.api.common.registry.Reloadable.endReload(Reloadable.java:47)
	at knot//me.shedaniel.rei.impl.common.plugins.PluginManagerImpl.reload(PluginManagerImpl.java:464)
	at knot//me.shedaniel.rei.impl.common.plugins.ReloadManagerImpl.reloadPlugins0(ReloadManagerImpl.java:155)
	at knot//me.shedaniel.rei.impl.common.plugins.ReloadManagerImpl.reloadPlugins0(ReloadManagerImpl.java:144)
	at knot//me.shedaniel.rei.impl.common.plugins.ReloadManagerImpl.lambda$reloadPlugins$7(ReloadManagerImpl.java:122)
	at java.base/java.util.concurrent.CompletableFuture$AsyncRun.run(CompletableFuture.java:1848)
	at java.base/java.util.concurrent.Executors$RunnableAdapter.call(Executors.java:572)
	at java.base/java.util.concurrent.FutureTask.run(FutureTask.java:317)
	at java.base/java.util.concurrent.ScheduledThreadPoolExecutor$ScheduledFutureTask.run(ScheduledThreadPoolExecutor.java:304)
	at java.base/java.util.concurrent.ThreadPoolExecutor.runWorker(ThreadPoolExecutor.java:1144)
	at java.base/java.util.concurrent.ThreadPoolExecutor$Worker.run(ThreadPoolExecutor.java:642)
	at java.base/java.lang.Thread.run(Thread.java:1575)
[15:22:47] [REI-ReloadPlugins/ERROR] [REI] Failed to run end-reload task for reloadable [ServerDisplayRegistryImpl] in stage [END]
java.lang.NullPointerException: Cannot invoke "net.minecraft.server.MinecraftServer.method_3772()" because the return value of "dev.architectury.utils.GameInstance.getServer()" is null
	at knot//me.shedaniel.rei.impl.common.registry.displays.ServerDisplayRegistryImpl.getAllSortedRecipes(ServerDisplayRegistryImpl.java:230)
	at knot//me.shedaniel.rei.impl.common.registry.displays.ServerDisplayRegistryImpl.fillRecipes(ServerDisplayRegistryImpl.java:216)
	at knot//me.shedaniel.rei.impl.common.registry.displays.ServerDisplayRegistryImpl.endReload(ServerDisplayRegistryImpl.java:209)
	at knot//me.shedaniel.rei.api.common.registry.Reloadable.endReload(Reloadable.java:47)
	at knot//me.shedaniel.rei.impl.common.plugins.PluginManagerImpl.reload(PluginManagerImpl.java:464)
	at knot//me.shedaniel.rei.impl.common.plugins.ReloadManagerImpl.reloadPlugins0(ReloadManagerImpl.java:155)
	at knot//me.shedaniel.rei.impl.common.plugins.ReloadManagerImpl.reloadPlugins0(ReloadManagerImpl.java:144)
	at knot//me.shedaniel.rei.impl.common.plugins.ReloadManagerImpl.lambda$reloadPlugins$7(ReloadManagerImpl.java:122)
	at java.base/java.util.concurrent.CompletableFuture$AsyncRun.run(CompletableFuture.java:1848)
	at java.base/java.util.concurrent.Executors$RunnableAdapter.call(Executors.java:572)
	at java.base/java.util.concurrent.FutureTask.run(FutureTask.java:317)
	at java.base/java.util.concurrent.ScheduledThreadPoolExecutor$ScheduledFutureTask.run(ScheduledThreadPoolExecutor.java:304)
	at java.base/java.util.concurrent.ThreadPoolExecutor.runWorker(ThreadPoolExecutor.java:1144)
	at java.base/java.util.concurrent.ThreadPoolExecutor$Worker.run(ThreadPoolExecutor.java:642)
	at java.base/java.lang.Thread.run(Thread.java:1575)
[15:23:14] [REI-ReloadPlugins/ERROR] [REI] Failed to run end-reload task for reloadable [ServerDisplayRegistryImpl] in stage [END]
java.lang.NullPointerException: Cannot invoke "net.minecraft.server.MinecraftServer.method_3772()" because the return value of "dev.architectury.utils.GameInstance.getServer()" is null
	at knot//me.shedaniel.rei.impl.common.registry.displays.ServerDisplayRegistryImpl.getAllSortedRecipes(ServerDisplayRegistryImpl.java:230)
	at knot//me.shedaniel.rei.impl.common.registry.displays.ServerDisplayRegistryImpl.fillRecipes(ServerDisplayRegistryImpl.java:216)
	at knot//me.shedaniel.rei.impl.common.registry.displays.ServerDisplayRegistryImpl.endReload(ServerDisplayRegistryImpl.java:209)
	at knot//me.shedaniel.rei.api.common.registry.Reloadable.endReload(Reloadable.java:47)
	at knot//me.shedaniel.rei.impl.common.plugins.PluginManagerImpl.reload(PluginManagerImpl.java:464)
	at knot//me.shedaniel.rei.impl.common.plugins.ReloadManagerImpl.reloadPlugins0(ReloadManagerImpl.java:155)
	at knot//me.shedaniel.rei.impl.common.plugins.ReloadManagerImpl.reloadPlugins0(ReloadManagerImpl.java:144)
	at knot//me.shedaniel.rei.impl.common.plugins.ReloadManagerImpl.lambda$reloadPlugins$7(ReloadManagerImpl.java:122)
	at java.base/java.util.concurrent.CompletableFuture$AsyncRun.run(CompletableFuture.java:1848)
	at java.base/java.util.concurrent.Executors$RunnableAdapter.call(Executors.java:572)
	at java.base/java.util.concurrent.FutureTask.run(FutureTask.java:317)
	at java.base/java.util.concurrent.ScheduledThreadPoolExecutor$ScheduledFutureTask.run(ScheduledThreadPoolExecutor.java:304)
	at java.base/java.util.concurrent.ThreadPoolExecutor.runWorker(ThreadPoolExecutor.java:1144)
	at java.base/java.util.concurrent.ThreadPoolExecutor$Worker.run(ThreadPoolExecutor.java:642)
	at java.base/java.lang.Thread.run(Thread.java:1575)
[15:41:27] [REI-ReloadPlugins/ERROR] [REI] Failed to run end-reload task for reloadable [ServerDisplayRegistryImpl] in stage [END]
java.lang.NullPointerException: Cannot invoke "net.minecraft.server.MinecraftServer.method_3772()" because the return value of "dev.architectury.utils.GameInstance.getServer()" is null
	at knot//me.shedaniel.rei.impl.common.registry.displays.ServerDisplayRegistryImpl.getAllSortedRecipes(ServerDisplayRegistryImpl.java:230)
	at knot//me.shedaniel.rei.impl.common.registry.displays.ServerDisplayRegistryImpl.fillRecipes(ServerDisplayRegistryImpl.java:216)
	at knot//me.shedaniel.rei.impl.common.registry.displays.ServerDisplayRegistryImpl.endReload(ServerDisplayRegistryImpl.java:209)
	at knot//me.shedaniel.rei.api.common.registry.Reloadable.endReload(Reloadable.java:47)
	at knot//me.shedaniel.rei.impl.common.plugins.PluginManagerImpl.reload(PluginManagerImpl.java:464)
	at knot//me.shedaniel.rei.impl.common.plugins.ReloadManagerImpl.reloadPlugins0(ReloadManagerImpl.java:155)
	at knot//me.shedaniel.rei.impl.common.plugins.ReloadManagerImpl.reloadPlugins0(ReloadManagerImpl.java:144)
	at knot//me.shedaniel.rei.impl.common.plugins.ReloadManagerImpl.lambda$reloadPlugins$7(ReloadManagerImpl.java:122)
	at java.base/java.util.concurrent.CompletableFuture$AsyncRun.run(CompletableFuture.java:1848)
	at java.base/java.util.concurrent.Executors$RunnableAdapter.call(Executors.java:572)
	at java.base/java.util.concurrent.FutureTask.run(FutureTask.java:317)
	at java.base/java.util.concurrent.ScheduledThreadPoolExecutor$ScheduledFutureTask.run(ScheduledThreadPoolExecutor.java:304)
	at java.base/java.util.concurrent.ThreadPoolExecutor.runWorker(ThreadPoolExecutor.java:1144)
	at java.base/java.util.concurrent.ThreadPoolExecutor$Worker.run(ThreadPoolExecutor.java:642)
	at java.base/java.lang.Thread.run(Thread.java:1575)
[15:41:39] [REI-ReloadPlugins/ERROR] [REI] Failed to run end-reload task for reloadable [ServerDisplayRegistryImpl] in stage [END]
java.lang.NullPointerException: Cannot invoke "net.minecraft.server.MinecraftServer.method_3772()" because the return value of "dev.architectury.utils.GameInstance.getServer()" is null
	at knot//me.shedaniel.rei.impl.common.registry.displays.ServerDisplayRegistryImpl.getAllSortedRecipes(ServerDisplayRegistryImpl.java:230)
	at knot//me.shedaniel.rei.impl.common.registry.displays.ServerDisplayRegistryImpl.fillRecipes(ServerDisplayRegistryImpl.java:216)
	at knot//me.shedaniel.rei.impl.common.registry.displays.ServerDisplayRegistryImpl.endReload(ServerDisplayRegistryImpl.java:209)
	at knot//me.shedaniel.rei.api.common.registry.Reloadable.endReload(Reloadable.java:47)
	at knot//me.shedaniel.rei.impl.common.plugins.PluginManagerImpl.reload(PluginManagerImpl.java:464)
	at knot//me.shedaniel.rei.impl.common.plugins.ReloadManagerImpl.reloadPlugins0(ReloadManagerImpl.java:155)
	at knot//me.shedaniel.rei.impl.common.plugins.ReloadManagerImpl.reloadPlugins0(ReloadManagerImpl.java:144)
	at knot//me.shedaniel.rei.impl.common.plugins.ReloadManagerImpl.lambda$reloadPlugins$7(ReloadManagerImpl.java:122)
	at java.base/java.util.concurrent.CompletableFuture$AsyncRun.run(CompletableFuture.java:1848)
	at java.base/java.util.concurrent.Executors$RunnableAdapter.call(Executors.java:572)
	at java.base/java.util.concurrent.FutureTask.run(FutureTask.java:317)
	at java.base/java.util.concurrent.ScheduledThreadPoolExecutor$ScheduledFutureTask.run(ScheduledThreadPoolExecutor.java:304)
	at java.base/java.util.concurrent.ThreadPoolExecutor.runWorker(ThreadPoolExecutor.java:1144)
	at java.base/java.util.concurrent.ThreadPoolExecutor$Worker.run(ThreadPoolExecutor.java:642)
	at java.base/java.lang.Thread.run(Thread.java:1575)
[16:23:58] [REI-AsyncSearchManager-113/ERROR] [REI] Error while searching
java.util.concurrent.CompletionException: java.util.concurrent.CancellationException
	at java.base/java.util.concurrent.CompletableFuture.wrapInCompletionException(CompletableFuture.java:323)
	at java.base/java.util.concurrent.CompletableFuture.encodeThrowable(CompletableFuture.java:359)
	at java.base/java.util.concurrent.CompletableFuture.completeThrowable(CompletableFuture.java:364)
	at java.base/java.util.concurrent.CompletableFuture$AsyncSupply.run(CompletableFuture.java:1814)
	at java.base/java.util.concurrent.CompletableFuture$AsyncSupply.exec(CompletableFuture.java:1804)
	at java.base/java.util.concurrent.ForkJoinTask.doExec(ForkJoinTask.java:507)
	at java.base/java.util.concurrent.ForkJoinPool$WorkQueue.topLevelExec(ForkJoinPool.java:1460)
	at java.base/java.util.concurrent.ForkJoinPool.runWorker(ForkJoinPool.java:2036)
	at java.base/java.util.concurrent.ForkJoinWorkerThread.run(ForkJoinWorkerThread.java:189)
Caused by: java.util.concurrent.CancellationException
	at knot//me.shedaniel.rei.impl.client.search.AsyncSearchManager.lambda$get$3(AsyncSearchManager.java:157)
	at java.base/java.util.concurrent.CompletableFuture$AsyncSupply.run(CompletableFuture.java:1812)
	... 5 more
[16:28:28] [REI-AsyncSearchManager-112/ERROR] [REI] Error while searching
java.util.concurrent.CompletionException: java.util.concurrent.CancellationException
	at java.base/java.util.concurrent.CompletableFuture.wrapInCompletionException(CompletableFuture.java:323)
	at java.base/java.util.concurrent.CompletableFuture.encodeThrowable(CompletableFuture.java:359)
	at java.base/java.util.concurrent.CompletableFuture.completeThrowable(CompletableFuture.java:364)
	at java.base/java.util.concurrent.CompletableFuture$AsyncSupply.run(CompletableFuture.java:1814)
	at java.base/java.util.concurrent.CompletableFuture$AsyncSupply.exec(CompletableFuture.java:1804)
	at java.base/java.util.concurrent.ForkJoinTask.doExec(ForkJoinTask.java:507)
	at java.base/java.util.concurrent.ForkJoinPool$WorkQueue.topLevelExec(ForkJoinPool.java:1460)
	at java.base/java.util.concurrent.ForkJoinPool.runWorker(ForkJoinPool.java:2036)
	at java.base/java.util.concurrent.ForkJoinWorkerThread.run(ForkJoinWorkerThread.java:189)
Caused by: java.util.concurrent.CancellationException
	at knot//me.shedaniel.rei.impl.client.search.AsyncSearchManager.lambda$get$3(AsyncSearchManager.java:157)
	at java.base/java.util.concurrent.CompletableFuture$AsyncSupply.run(CompletableFuture.java:1812)
	... 5 more
